<html>
<head>
<title>TestNG:  Test</title>
<link href="../testng.css" rel="stylesheet" type="text/css" />
<link href="../my-testng.css" rel="stylesheet" type="text/css" />

<style type="text/css">
.log { display: none;} 
.stack-trace { display: none;} 
</style>
<script type="text/javascript">
<!--
function flip(e) {
  current = e.style.display;
  if (current == 'block') {
    e.style.display = 'none';
    return 0;
  }
  else {
    e.style.display = 'block';
    return 1;
  }
}

function toggleBox(szDivId, elem, msg1, msg2)
{
  var res = -1;  if (document.getElementById) {
    res = flip(document.getElementById(szDivId));
  }
  else if (document.all) {
    // this is the way old msie versions work
    res = flip(document.all[szDivId]);
  }
  if(elem) {
    if(res == 0) elem.innerHTML = msg1; else elem.innerHTML = msg2;
  }

}

function toggleAllBoxes() {
  if (document.getElementsByTagName) {
    d = document.getElementsByTagName('div');
    for (i = 0; i < d.length; i++) {
      if (d[i].className == 'log') {
        flip(d[i]);
      }
    }
  }
}

// -->
</script>

</head>
<body>
<h2 align='center'>Test</h2><table border='1' align="center">
<tr>
<td>Tests passed/Failed/Skipped:</td><td>0/1/0</td>
</tr><tr>
<td>Started on:</td><td>Sun May 02 02:10:23 IST 2021</td>
</tr>
<tr><td>Total time:</td><td>14 seconds (14870 ms)</td>
</tr><tr>
<td>Included groups:</td><td></td>
</tr><tr>
<td>Excluded groups:</td><td></td>
</tr>
</table><p/>
<small><i>(Hover the method name to see the test class name)</i></small><p/>
<table width='100%' border='1' class='invocation-failed'>
<tr><td colspan='4' align='center'><b>FAILED TESTS</b></td></tr>
<tr><td><b>Test method</b></td>
<td width="30%"><b>Exception</b></td>
<td width="10%"><b>Time (seconds)</b></td>
<td><b>Instance</b></td>
</tr>
<tr>
<td title='com.ms.config.TestRunner.runScenario()'><b>runScenario</b><br>Test class: com.ms.config.TestRunner<br>Test method: Runs Cucumber Scenarios<br>Parameters: "Facebook Launch and authentication", "Facebook Authentication"<br/>
<a href="#Output-1643838324" onClick='toggleBox("Output-1643838324", this, "Show output", "Hide output");'>Show output</a>

<a href="#Output-1643838324" onClick="toggleAllBoxes();">Show all outputs</a>
<div class='log' id="Output-1643838324">
<div "result">I want to launch the facebook in firefox browser (PASSED : 14s)</div><br/>
<div "result">I want to authenticate with valid credentails (PASSED : 0s)</div><br/>
<div "result">I want to verify whether user navigated to home page or not (FAILED : 0s)</div><br/>
</div>
</td>
<td><div><pre>java.lang.AssertionError: expected [My account - My Store] but found [Login - My Store]
	at com.ms.stepDefination.stepDefination1.i_want_to_verify_whether_user_navigated_to_home_page_or_not(stepDefination1.java:40)
	at ?.I want to verify whether user navigated to home page or not(resources/Features/Googlecheck.feature:6)
... Removed 6 stack frames</pre></div><a href='#' onClick='toggleBox("stack-trace1643838324", this, "Click to show all stack frames", "Click to hide stack frames")'>Click to show all stack frames</a>
<div class='stack-trace' id='stack-trace1643838324'><pre>java.lang.AssertionError: expected [My account - My Store] but found [Login - My Store]
	at org.testng.Assert.fail(Assert.java:99)
	at org.testng.Assert.failNotEquals(Assert.java:1037)
	at org.testng.Assert.assertEqualsImpl(Assert.java:140)
	at org.testng.Assert.assertEquals(Assert.java:122)
	at org.testng.Assert.assertEquals(Assert.java:629)
	at org.testng.Assert.assertEquals(Assert.java:639)
	at com.ms.stepDefination.stepDefination1.i_want_to_verify_whether_user_navigated_to_home_page_or_not(stepDefination1.java:40)
	at ?.I want to verify whether user navigated to home page or not(resources/Features/Googlecheck.feature:6)
</pre></div></td>
<td>14</td>
<td>com.ms.config.TestRunner@76c3e77a</td></tr>
</table><p>
</body>
</html>