<?xml version="1.0" encoding="UTF-8"?>
<!-- Generated by org.testng.reporters.JUnitXMLReporter -->
<testsuite hostname="Swapnil" ignored="0" name="Command line test" tests="1" failures="0" timestamp="26 Sep 2020 05:36:23 GMT" time="29.665" errors="0">
  <testcase name="@BeforeClass beforeClass" time="29.287" classname="com.ms.utilities.MSRunner">
    <failure type="org.openqa.selenium.SessionNotCreatedException" message="session not created: This version of ChromeDriver only supports Chrome version 86
Current browser version is 85.0.4183.121 with binary path C:\Program Files (x86)\Google\Chrome\Application\chrome.exe
Build info: version: &amp;apos;3.141.59&amp;apos;, revision: &amp;apos;e82be7d358&amp;apos;, time: &amp;apos;2018-11-14T08:17:03&amp;apos;
System info: host: &amp;apos;SWAPNIL&amp;apos;, ip: &amp;apos;172.20.10.3&amp;apos;, os.name: &amp;apos;Windows 10&amp;apos;, os.arch: &amp;apos;amd64&amp;apos;, os.version: &amp;apos;10.0&amp;apos;, java.version: &amp;apos;1.8.0_211&amp;apos;
Driver info: driver.version: ChromeDriver
remote stacktrace: Backtrace:
	Ordinal0 [0x0042C013+3194899]
	Ordinal0 [0x00316021+2056225]
	Ordinal0 [0x001AF608+587272]
	Ordinal0 [0x00131BF3+72691]
	Ordinal0 [0x0012E229+57897]
	Ordinal0 [0x0012C64A+50762]
	Ordinal0 [0x00151EE9+204521]
	Ordinal0 [0x00151D0D+204045]
	Ordinal0 [0x0014FC1B+195611]
	Ordinal0 [0x00133B7F+80767]
	Ordinal0 [0x00134B4E+84814]
	Ordinal0 [0x00134AD9+84697]
	Ordinal0 [0x0032CE64+2149988]
	GetHandleVerifier [0x0059BE95+1400773]
	GetHandleVerifier [0x0059BB61+1399953]
	GetHandleVerifier [0x005A31FA+1430314]
	GetHandleVerifier [0x0059C69F+1402831]
	Ordinal0 [0x00323D61+2112865]
	Ordinal0 [0x0032E5CB+2155979]
	Ordinal0 [0x0032E6F5+2156277]
	Ordinal0 [0x0033F26E+2224750]
	BaseThreadInitThunk [0x75786359+25]
	RtlGetAppContainerNamedObjectPath [0x77027C24+228]
	RtlGetAppContainerNamedObjectPath [0x77027BF4+180]
">
      <![CDATA[org.openqa.selenium.SessionNotCreatedException: session not created: This version of ChromeDriver only supports Chrome version 86
Current browser version is 85.0.4183.121 with binary path C:\Program Files (x86)\Google\Chrome\Application\chrome.exe
Build info: version: '3.141.59', revision: 'e82be7d358', time: '2018-11-14T08:17:03'
System info: host: 'SWAPNIL', ip: '172.20.10.3', os.name: 'Windows 10', os.arch: 'amd64', os.version: '10.0', java.version: '1.8.0_211'
Driver info: driver.version: ChromeDriver
remote stacktrace: Backtrace:
Ordinal0 [0x0042C013+3194899]
Ordinal0 [0x00316021+2056225]
Ordinal0 [0x001AF608+587272]
Ordinal0 [0x00131BF3+72691]
Ordinal0 [0x0012E229+57897]
Ordinal0 [0x0012C64A+50762]
Ordinal0 [0x00151EE9+204521]
Ordinal0 [0x00151D0D+204045]
Ordinal0 [0x0014FC1B+195611]
Ordinal0 [0x00133B7F+80767]
Ordinal0 [0x00134B4E+84814]
Ordinal0 [0x00134AD9+84697]
Ordinal0 [0x0032CE64+2149988]
GetHandleVerifier [0x0059BE95+1400773]
GetHandleVerifier [0x0059BB61+1399953]
GetHandleVerifier [0x005A31FA+1430314]
GetHandleVerifier [0x0059C69F+1402831]
Ordinal0 [0x00323D61+2112865]
Ordinal0 [0x0032E5CB+2155979]
Ordinal0 [0x0032E6F5+2156277]
Ordinal0 [0x0033F26E+2224750]
BaseThreadInitThunk [0x75786359+25]
RtlGetAppContainerNamedObjectPath [0x77027C24+228]
RtlGetAppContainerNamedObjectPath [0x77027BF4+180]

at org.openqa.selenium.remote.W3CHandshakeResponse.lambda$errorHandler$0(W3CHandshakeResponse.java:62)
at org.openqa.selenium.remote.HandshakeResponse.lambda$getResponseFunction$0(HandshakeResponse.java:30)
at org.openqa.selenium.remote.ProtocolHandshake.lambda$createSession$0(ProtocolHandshake.java:126)
at java.util.stream.ReferencePipeline$3$1.accept(Unknown Source)
at java.util.Spliterators$ArraySpliterator.tryAdvance(Unknown Source)
at java.util.stream.ReferencePipeline.forEachWithCancel(Unknown Source)
at java.util.stream.AbstractPipeline.copyIntoWithCancel(Unknown Source)
at java.util.stream.AbstractPipeline.copyInto(Unknown Source)
at java.util.stream.AbstractPipeline.wrapAndCopyInto(Unknown Source)
at java.util.stream.FindOps$FindOp.evaluateSequential(Unknown Source)
at java.util.stream.AbstractPipeline.evaluate(Unknown Source)
at java.util.stream.ReferencePipeline.findFirst(Unknown Source)
at org.openqa.selenium.remote.ProtocolHandshake.createSession(ProtocolHandshake.java:128)
at org.openqa.selenium.remote.ProtocolHandshake.createSession(ProtocolHandshake.java:74)
at org.openqa.selenium.remote.HttpCommandExecutor.execute(HttpCommandExecutor.java:136)
at org.openqa.selenium.remote.service.DriverCommandExecutor.execute(DriverCommandExecutor.java:83)
at org.openqa.selenium.remote.RemoteWebDriver.execute(RemoteWebDriver.java:552)
at org.openqa.selenium.remote.RemoteWebDriver.startSession(RemoteWebDriver.java:213)
at org.openqa.selenium.remote.RemoteWebDriver.<init>(RemoteWebDriver.java:131)
at org.openqa.selenium.chrome.ChromeDriver.<init>(ChromeDriver.java:181)
at org.openqa.selenium.chrome.ChromeDriver.<init>(ChromeDriver.java:168)
at org.openqa.selenium.chrome.ChromeDriver.<init>(ChromeDriver.java:157)
at com.ms.utilities.MSRunner.beforeClass(MSRunner.java:135)
at com.ms.config.XmlRunner$MyRunnable.run(XmlRunner.java:105)
at java.lang.Thread.run(Unknown Source)
... Removed 27 stack frames]]>
    </failure>
  </testcase> <!-- @BeforeClass beforeClass -->
  <testcase name="@AfterClass afterClass" time="0.0" classname="com.ms.utilities.MSRunner">
    <skipped/>
  </testcase> <!-- @AfterClass afterClass -->
  <testcase name="runScenario" time="0.0" classname="com.ms.utilities.MSRunner">
    <skipped/>
  </testcase> <!-- runScenario -->
</testsuite> <!-- Command line test -->
