<?xml version="1.0" encoding="UTF-8"?>
<!-- Generated by org.testng.reporters.JUnitReportReporter -->
<testsuite hostname="DESKTOP-HV3UBSC" failures="0" tests="1" name="com.ms.utilities.MSRunner" time="11.447" errors="1" timestamp="19 Apr 2021 12:04:43 GMT" skipped="0">
  <testcase classname="com.ms.utilities.MSRunner" name="beforeClass" time="11.447">
    <error message="session not created: This version of ChromeDriver only supports Chrome version 90
Current browser version is 89.0.4389.128 with binary path C:\Program Files\Google\Chrome\Application\chrome.exe
Build info: version: &#039;3.141.59&#039;, revision: &#039;e82be7d358&#039;, time: &#039;2018-11-14T08:17:03&#039;
System info: host: &#039;DESKTOP-HV3UBSC&#039;, ip: &#039;192.168.185.49&#039;, os.name: &#039;Windows 10&#039;, os.arch: &#039;amd64&#039;, os.version: &#039;10.0&#039;, java.version: &#039;11.0.9&#039;
Driver info: driver.version: ChromeDriver
remote stacktrace: Backtrace:
	Ordinal0 [0x0040C013+2474003]
	Ordinal0 [0x003A29C1+2042305]
	Ordinal0 [0x002B2F68+1060712]
	Ordinal0 [0x002D188E+1185934]
	Ordinal0 [0x002CD600+1168896]
	Ordinal0 [0x002CAA83+1157763]
	Ordinal0 [0x002FA2A2+1352354]
	Ordinal0 [0x002F8FAA+1347498]
	Ordinal0 [0x002F66DB+1337051]
	Ordinal0 [0x002D3427+1192999]
	Ordinal0 [0x002D42EE+1196782]
	Ordinal0 [0x002D4279+1196665]
	GetHandleVerifier [0x005996FC+1590332]
	GetHandleVerifier [0x00648614+2306900]
	GetHandleVerifier [0x00499E93+543699]
	GetHandleVerifier [0x004992CE+540686]
	Ordinal0 [0x003A86BA+2066106]
	Ordinal0 [0x003AD1C8+2085320]
	Ordinal0 [0x003AD308+2085640]
	Ordinal0 [0x003B67F3+2123763]
	BaseThreadInitThunk [0x76976359+25]
	RtlGetAppContainerNamedObjectPath [0x779287A4+228]
	RtlGetAppContainerNamedObjectPath [0x77928774+180]
" type="org.openqa.selenium.SessionNotCreatedException">
      <![CDATA[org.openqa.selenium.SessionNotCreatedException: session not created: This version of ChromeDriver only supports Chrome version 90
Current browser version is 89.0.4389.128 with binary path C:\Program Files\Google\Chrome\Application\chrome.exe
Build info: version: '3.141.59', revision: 'e82be7d358', time: '2018-11-14T08:17:03'
System info: host: 'DESKTOP-HV3UBSC', ip: '192.168.185.49', os.name: 'Windows 10', os.arch: 'amd64', os.version: '10.0', java.version: '11.0.9'
Driver info: driver.version: ChromeDriver
remote stacktrace: Backtrace:
Ordinal0 [0x0040C013+2474003]
Ordinal0 [0x003A29C1+2042305]
Ordinal0 [0x002B2F68+1060712]
Ordinal0 [0x002D188E+1185934]
Ordinal0 [0x002CD600+1168896]
Ordinal0 [0x002CAA83+1157763]
Ordinal0 [0x002FA2A2+1352354]
Ordinal0 [0x002F8FAA+1347498]
Ordinal0 [0x002F66DB+1337051]
Ordinal0 [0x002D3427+1192999]
Ordinal0 [0x002D42EE+1196782]
Ordinal0 [0x002D4279+1196665]
GetHandleVerifier [0x005996FC+1590332]
GetHandleVerifier [0x00648614+2306900]
GetHandleVerifier [0x00499E93+543699]
GetHandleVerifier [0x004992CE+540686]
Ordinal0 [0x003A86BA+2066106]
Ordinal0 [0x003AD1C8+2085320]
Ordinal0 [0x003AD308+2085640]
Ordinal0 [0x003B67F3+2123763]
BaseThreadInitThunk [0x76976359+25]
RtlGetAppContainerNamedObjectPath [0x779287A4+228]
RtlGetAppContainerNamedObjectPath [0x77928774+180]

at java.base/jdk.internal.reflect.NativeConstructorAccessorImpl.newInstance0(Native Method)
at java.base/jdk.internal.reflect.NativeConstructorAccessorImpl.newInstance(NativeConstructorAccessorImpl.java:62)
at java.base/jdk.internal.reflect.DelegatingConstructorAccessorImpl.newInstance(DelegatingConstructorAccessorImpl.java:45)
at java.base/java.lang.reflect.Constructor.newInstance(Constructor.java:490)
at org.openqa.selenium.remote.W3CHandshakeResponse.lambda$errorHandler$0(W3CHandshakeResponse.java:62)
at org.openqa.selenium.remote.HandshakeResponse.lambda$getResponseFunction$0(HandshakeResponse.java:30)
at org.openqa.selenium.remote.ProtocolHandshake.lambda$createSession$0(ProtocolHandshake.java:126)
at java.base/java.util.stream.ReferencePipeline$3$1.accept(ReferencePipeline.java:195)
at java.base/java.util.Spliterators$ArraySpliterator.tryAdvance(Spliterators.java:958)
at java.base/java.util.stream.ReferencePipeline.forEachWithCancel(ReferencePipeline.java:127)
at java.base/java.util.stream.AbstractPipeline.copyIntoWithCancel(AbstractPipeline.java:502)
at java.base/java.util.stream.AbstractPipeline.copyInto(AbstractPipeline.java:488)
at java.base/java.util.stream.AbstractPipeline.wrapAndCopyInto(AbstractPipeline.java:474)
at java.base/java.util.stream.FindOps$FindOp.evaluateSequential(FindOps.java:150)
at java.base/java.util.stream.AbstractPipeline.evaluate(AbstractPipeline.java:234)
at java.base/java.util.stream.ReferencePipeline.findFirst(ReferencePipeline.java:543)
at org.openqa.selenium.remote.ProtocolHandshake.createSession(ProtocolHandshake.java:128)
at org.openqa.selenium.remote.ProtocolHandshake.createSession(ProtocolHandshake.java:74)
at org.openqa.selenium.remote.HttpCommandExecutor.execute(HttpCommandExecutor.java:136)
at org.openqa.selenium.remote.service.DriverCommandExecutor.execute(DriverCommandExecutor.java:83)
at org.openqa.selenium.remote.RemoteWebDriver.execute(RemoteWebDriver.java:552)
at org.openqa.selenium.remote.RemoteWebDriver.startSession(RemoteWebDriver.java:213)
at org.openqa.selenium.remote.RemoteWebDriver.<init>(RemoteWebDriver.java:131)
at org.openqa.selenium.chrome.ChromeDriver.<init>(ChromeDriver.java:181)
at org.openqa.selenium.chrome.ChromeDriver.<init>(ChromeDriver.java:168)
at org.openqa.selenium.chrome.ChromeDriver.<init>(ChromeDriver.java:157)
at com.ms.utilities.MSRunner.beforeClass(MSRunner.java:147)
at java.base/jdk.internal.reflect.NativeMethodAccessorImpl.invoke0(Native Method)
at java.base/jdk.internal.reflect.NativeMethodAccessorImpl.invoke(NativeMethodAccessorImpl.java:62)
at java.base/jdk.internal.reflect.DelegatingMethodAccessorImpl.invoke(DelegatingMethodAccessorImpl.java:43)
at java.base/java.lang.reflect.Method.invoke(Method.java:566)
at org.testng.internal.MethodInvocationHelper.invokeMethod(MethodInvocationHelper.java:124)
at org.testng.internal.MethodInvocationHelper.invokeMethodConsideringTimeout(MethodInvocationHelper.java:59)
at org.testng.internal.Invoker.invokeConfigurationMethod(Invoker.java:458)
at org.testng.internal.Invoker.invokeConfigurations(Invoker.java:222)
at org.testng.internal.Invoker.invokeConfigurations(Invoker.java:142)
at org.testng.internal.TestMethodWorker.invokeBeforeClassMethods(TestMethodWorker.java:168)
at org.testng.internal.TestMethodWorker.run(TestMethodWorker.java:105)
at org.testng.TestRunner.privateRun(TestRunner.java:648)
at org.testng.TestRunner.run(TestRunner.java:505)
at org.testng.SuiteRunner.runTest(SuiteRunner.java:455)
at org.testng.SuiteRunner.runSequentially(SuiteRunner.java:450)
at org.testng.SuiteRunner.privateRun(SuiteRunner.java:415)
at org.testng.SuiteRunner.run(SuiteRunner.java:364)
at org.testng.SuiteRunnerWorker.runSuite(SuiteRunnerWorker.java:52)
at org.testng.SuiteRunnerWorker.run(SuiteRunnerWorker.java:84)
at org.testng.TestNG.runSuitesSequentially(TestNG.java:1208)
at org.testng.TestNG.runSuitesLocally(TestNG.java:1137)
at org.testng.TestNG.runSuites(TestNG.java:1049)
at org.testng.TestNG.run(TestNG.java:1017)
at com.ms.config.XmlRunner$MyRunnable.run(XmlRunner.java:112)
at java.base/java.lang.Thread.run(Thread.java:834)
]]>
    </error>
  </testcase> <!-- beforeClass -->
</testsuite> <!-- com.ms.utilities.MSRunner -->
